Using pre-set license
Built from '2022.3/release' branch; Version is '2022.3.20f1 (61c2feb0970d) revision 6406910'; Using compiler version '192829333'; Build Type 'Release'
OS: 'Windows 10  (10.0.19045) 64bit Education' Language: 'ko' Physical Memory: 16318 MB
BatchMode: 1, IsHumanControllingUs: 0, StartBugReporterOnCrash: 0, Is64bit: 1, IsPro: 1

COMMAND LINE ARGUMENTS:
C:\2022.3.20f1\Editor\Unity.exe
-adb2
-batchMode
-noUpm
-name
AssetImportWorker0
-projectPath
C:/Users/Administrator/Desktop/Unity/game 3
-logFile
Logs/AssetImportWorker0.log
-srvPort
61410
Successfully changed project path to: C:/Users/Administrator/Desktop/Unity/game 3
C:/Users/Administrator/Desktop/Unity/game 3
[UnityMemory] Configuration Parameters - Can be set up in boot.config
    "memorysetup-bucket-allocator-granularity=16"
    "memorysetup-bucket-allocator-bucket-count=8"
    "memorysetup-bucket-allocator-block-size=33554432"
    "memorysetup-bucket-allocator-block-count=8"
    "memorysetup-main-allocator-block-size=16777216"
    "memorysetup-thread-allocator-block-size=16777216"
    "memorysetup-gfx-main-allocator-block-size=16777216"
    "memorysetup-gfx-thread-allocator-block-size=16777216"
    "memorysetup-cache-allocator-block-size=4194304"
    "memorysetup-typetree-allocator-block-size=2097152"
    "memorysetup-profiler-bucket-allocator-granularity=16"
    "memorysetup-profiler-bucket-allocator-bucket-count=8"
    "memorysetup-profiler-bucket-allocator-block-size=33554432"
    "memorysetup-profiler-bucket-allocator-block-count=8"
    "memorysetup-profiler-allocator-block-size=16777216"
    "memorysetup-profiler-editor-allocator-block-size=1048576"
    "memorysetup-temp-allocator-size-main=16777216"
    "memorysetup-job-temp-allocator-block-size=2097152"
    "memorysetup-job-temp-allocator-block-size-background=1048576"
    "memorysetup-job-temp-allocator-reduction-small-platforms=262144"
    "memorysetup-allocator-temp-initial-block-size-main=262144"
    "memorysetup-allocator-temp-initial-block-size-worker=262144"
    "memorysetup-temp-allocator-size-background-worker=32768"
    "memorysetup-temp-allocator-size-job-worker=262144"
    "memorysetup-temp-allocator-size-preload-manager=33554432"
    "memorysetup-temp-allocator-size-nav-mesh-worker=65536"
    "memorysetup-temp-allocator-size-audio-worker=65536"
    "memorysetup-temp-allocator-size-cloud-worker=32768"
    "memorysetup-temp-allocator-size-gi-baking-worker=262144"
    "memorysetup-temp-allocator-size-gfx=262144"
Player connection [5688] Host "[IP] 192.168.0.61 [Port] 0 [Flags] 2 [Guid] 2003413516 [EditorId] 2003413516 [Version] 1048832 [Id] WindowsEditor(7,I-15) [Debug] 1 [PackageName] WindowsEditor [ProjectName] Editor" joined multi-casting on [225.0.0.222:54997]...

Player connection [5688] Host "[IP] 192.168.0.61 [Port] 0 [Flags] 2 [Guid] 2003413516 [EditorId] 2003413516 [Version] 1048832 [Id] WindowsEditor(7,I-15) [Debug] 1 [PackageName] WindowsEditor [ProjectName] Editor" joined alternative multi-casting on [225.0.0.222:34997]...

[Physics::Module] Initialized MultithreadedJobDispatcher with 11 workers.
Refreshing native plugins compatible for Editor in 8.56 ms, found 3 plugins.
Preloading 0 native plugins for Editor in 0.00 ms.
Initialize engine version: 2022.3.20f1 (61c2feb0970d)
[Subsystems] Discovering subsystems at path C:/2022.3.20f1/Editor/Data/Resources/UnitySubsystems
[Subsystems] Discovering subsystems at path C:/Users/Administrator/Desktop/Unity/game 3/Assets
GfxDevice: creating device client; threaded=0; jobified=0
Direct3D:
    Version:  Direct3D 11.0 [level 11.1]
    Renderer: NVIDIA GeForce GTX 1660 (ID=0x2184)
    Vendor:   NVIDIA
    VRAM:     5980 MB
    Driver:   31.0.15.3623
Initialize mono
Mono path[0] = 'C:/2022.3.20f1/Editor/Data/Managed'
Mono path[1] = 'C:/2022.3.20f1/Editor/Data/MonoBleedingEdge/lib/mono/unityjit-win32'
Mono config path = 'C:/2022.3.20f1/Editor/Data/MonoBleedingEdge/etc'
Using monoOptions --debugger-agent=transport=dt_socket,embedding=1,server=y,suspend=n,address=127.0.0.1:56572
Begin MonoManager ReloadAssembly
Registering precompiled unity dll's ...
Register platform support module: C:/2022.3.20f1/Editor/Data/PlaybackEngines/WindowsStandaloneSupport/UnityEditor.WindowsStandalone.Extensions.dll
Registered in 0.004758 seconds.
- Loaded All Assemblies, in  0.369 seconds
Native extension for WindowsStandalone target not found
Mono: successfully reloaded assembly
- Finished resetting the current domain, in  0.349 seconds
Domain Reload Profiling: 717ms
	BeginReloadAssembly (112ms)
		ExecutionOrderSort (0ms)
		DisableScriptedObjects (0ms)
		BackupInstance (0ms)
		ReleaseScriptingObjects (0ms)
		CreateAndSetChildDomain (1ms)
	RebuildCommonClasses (39ms)
	RebuildNativeTypeToScriptingClass (12ms)
	initialDomainReloadingComplete (58ms)
	LoadAllAssembliesAndSetupDomain (147ms)
		LoadAssemblies (110ms)
		RebuildTransferFunctionScriptingTraits (0ms)
		AnalyzeDomain (145ms)
			TypeCache.Refresh (143ms)
				TypeCache.ScanAssembly (129ms)
			ScanForSourceGeneratedMonoScriptInfo (0ms)
			ResolveRequiredComponents (1ms)
	FinalizeReload (350ms)
		ReleaseScriptCaches (0ms)
		RebuildScriptCaches (0ms)
		SetupLoadedEditorAssemblies (278ms)
			LogAssemblyErrors (0ms)
			InitializePlatformSupportModulesInManaged (10ms)
			SetLoadedEditorAssemblies (10ms)
			RefreshPlugins (0ms)
			BeforeProcessingInitializeOnLoad (3ms)
			ProcessInitializeOnLoadAttributes (202ms)
			ProcessInitializeOnLoadMethodAttributes (53ms)
			AfterProcessingInitializeOnLoad (0ms)
			EditorAssembliesLoaded (0ms)
		ExecutionOrderSort2 (0ms)
		AwakeInstancesAfterBackupRestoration (0ms)
========================================================================
Worker process is ready to serve import requests
Begin MonoManager ReloadAssembly
- Loaded All Assemblies, in  0.765 seconds
Refreshing native plugins compatible for Editor in 3.01 ms, found 3 plugins.
Native extension for WindowsStandalone target not found
Mono: successfully reloaded assembly
- Finished resetting the current domain, in  0.829 seconds
Domain Reload Profiling: 1592ms
	BeginReloadAssembly (181ms)
		ExecutionOrderSort (0ms)
		DisableScriptedObjects (7ms)
		BackupInstance (0ms)
		ReleaseScriptingObjects (0ms)
		CreateAndSetChildDomain (28ms)
	RebuildCommonClasses (38ms)
	RebuildNativeTypeToScriptingClass (19ms)
	initialDomainReloadingComplete (47ms)
	LoadAllAssembliesAndSetupDomain (478ms)
		LoadAssemblies (367ms)
		RebuildTransferFunctionScriptingTraits (0ms)
		AnalyzeDomain (213ms)
			TypeCache.Refresh (187ms)
				TypeCache.ScanAssembly (169ms)
			ScanForSourceGeneratedMonoScriptInfo (17ms)
			ResolveRequiredComponents (7ms)
	FinalizeReload (829ms)
		ReleaseScriptCaches (0ms)
		RebuildScriptCaches (0ms)
		SetupLoadedEditorAssemblies (629ms)
			LogAssemblyErrors (0ms)
			InitializePlatformSupportModulesInManaged (7ms)
			SetLoadedEditorAssemblies (6ms)
			RefreshPlugins (0ms)
			BeforeProcessingInitializeOnLoad (111ms)
			ProcessInitializeOnLoadAttributes (472ms)
			ProcessInitializeOnLoadMethodAttributes (27ms)
			AfterProcessingInitializeOnLoad (7ms)
			EditorAssembliesLoaded (0ms)
		ExecutionOrderSort2 (0ms)
		AwakeInstancesAfterBackupRestoration (7ms)
Launched and connected shader compiler UnityShaderCompiler.exe after 0.07 seconds
Refreshing native plugins compatible for Editor in 3.31 ms, found 3 plugins.
Preloading 0 native plugins for Editor in 0.00 ms.
Unloading 3305 Unused Serialized files (Serialized files now loaded: 0)
Unloading 46 unused Assets / (131.4 KB). Loaded Objects now: 3768.
Memory consumption went from 132.4 MB to 132.2 MB.
Total: 4.727700 ms (FindLiveObjects: 0.434800 ms CreateObjectMapping: 0.403900 ms MarkObjects: 3.702600 ms  DeleteObjects: 0.185100 ms)

AssetImportParameters requested are different than current active one (requested -> active):
  custom:scripting/monoscript/fileName/SpeedManager.cs: 9f6da6c3648095e537acbd0f8eb24619 -> e4047fcb9dd4a95959b201486e07be03
  custom:container-demuxer-ogg: 62fdf1f143b41e24485cea50d1cbac27 -> 
  custom:scripting/monoscript/fileName/GameManager.cs: f6182d712e34e20e3202214886862cdb -> 9933fbcc6190e2a9171c2ec8808a053e
  custom:scripting/monoscript/fileName/ResourcesManager.cs: 60bbdfa367732689651c84a05ea97ae6 -> 89623e026d1544c377a9b34473b703d2
  custom:scripting/monoscript/fileName/AudioManager.cs: 0aef3caba4c1c1b0bc8bd1dca2fef31d -> e8310be4479956b7ccf5d41d9f0f6e53
  custom:video-decoder-ogg-theora: a1e56fd34408186e4bbccfd4996cb3dc -> 
  custom:framework-win-MediaFoundation: 216162199b28c13a410421893ffa2e32 -> 
  custom:scripting/monoscript/fileName/InputManager.cs: bf674e24607385a2d804bbb74f1b6a84 -> ebc1fe256c26bbf42f6045524041edf0
  custom:CustomObjectIndexerAttribute: 6d391050e5a25f67b0a2c618074f2cd9 -> 
  custom:container-demuxer-webm: 4f35f7cbe854078d1ac9338744f61a02 -> 
  custom:scripting/monoscript/fileName/SceneryManager.cs: 7e04b55a784e636b5d7bc7725f64e753 -> 2feaadc6d20228387fc642e05d1bd593
  custom:scripting/monoscript/fileName/PositionManager.cs: 331cf6ac4c25bcc413524cbe49bd4745 -> 2f0a75b3c770e16c8303dc4f6817cf66
  custom:scripting/monoscript/fileName/Singleton.cs: d81fe1a86eaaaaa888ee50e17a01544a -> 8f6297df34271fdb1ce2d9607ec6261d
  custom:container-muxer-webm: aa71ff27fc2769a1b78a27578f13a17b -> 
  custom:video-decoder-webm-vp8: 9c59270c3fd7afecdb556c50c9e8de78 -> 
  custom:SearchIndexIgnoredProperties: e643bd26f0fe6173181afceb89e7c659 -> 
  custom:AudioImporter_EditorPlatform: d09bf68614088b80899f8185d706f6e7 -> 
  custom:scripting/monoscript/fileName/Select.cs: 9a7c50b1c3af096b6e349bc34a8bf4ee -> 4e724136c4acf745710c4786bf92770c
  custom:scripting/monoscript/fileName/InteractZone.cs: e08297b8202cb0c0c9a0f1d79e0acec5 -> d08414518389cd2cbfe26f17d658971e
  custom:scripting/monoscript/fileName/Road.cs: 608399085b4bd005a38db03714d57d21 -> 2cfa2d9cf62aed6f8b406ee5c90ba3e9
  custom:video-encoder-webm-vp8: eb34c28f22e8b96e1ab97ce403110664 -> 
  custom:scripting/monoscript/fileName/RoadManager.cs: 5a5c8a103d767a4f86cda85b2595253a -> ebabfadfb923a1e9edf928b986d04c2f
  custom:audio-decoder-ogg-vorbis: bf7c407c2cedff20999df2af8eb42d56 -> 
  custom:scripting/monoscript/fileName/Runner.cs: 055fc22ec6edac4e9b617ddb2f1c0814 -> 72ac78a03a6a6907c19fd10a0474d56b
  custom:scripting/monoscript/fileName/MenuManager.cs: d0956aa00254e4ec1793b578a7f93b90 -> b2f6d629ac060edd8a279cb11b0e4cab
  custom:audio-encoder-webm-vorbis: bf7c407c2cedff20999df2af8eb42d56 -> 
  custom:scripting/monoscript/fileName/MouseManager.cs: 6035c6d1852b6cff8649a9502d529159 -> 6ac4e4e03984271fd1f80dcdcecc1ff0
  custom:scripting/monoscript/fileName/InterfaceManager.cs: daaff16a285d4306ebecf45cdca0236c -> b3b3494aeb89ffa2560cd3b25ab83022
  custom:scripting/monoscript/fileName/ObstacleManager.cs: c046f45496917fe19d77a6a35444ec50 -> f11b2e88b2f3f569c571fa6e53e9ce67
========================================================================
Received Import Request.
  Time since last request: 6173.874596 seconds.
  path: Assets/Scenes/Title.unity
  artifactKey: Guid(d02035e2aaa1ed244ae90c4d88559597) Importer(815301076,1909f56bfc062723c751e8b465ee728b)
Start importing Assets/Scenes/Title.unity using Guid(d02035e2aaa1ed244ae90c4d88559597) Importer(815301076,1909f56bfc062723c751e8b465ee728b)  -> (artifact id: 'f862c00a213473d598e5d75e862a5da1') in 0.002767 seconds
Number of updated asset objects reloaded before import = 0
Number of asset objects unloaded after import = 0
========================================================================
Received Prepare
Begin MonoManager ReloadAssembly
- Loaded All Assemblies, in  0.558 seconds
Refreshing native plugins compatible for Editor in 4.53 ms, found 3 plugins.
Native extension for WindowsStandalone target not found
Mono: successfully reloaded assembly
- Finished resetting the current domain, in  1.109 seconds
Domain Reload Profiling: 1665ms
	BeginReloadAssembly (178ms)
		ExecutionOrderSort (0ms)
		DisableScriptedObjects (7ms)
		BackupInstance (0ms)
		ReleaseScriptingObjects (0ms)
		CreateAndSetChildDomain (40ms)
	RebuildCommonClasses (39ms)
	RebuildNativeTypeToScriptingClass (16ms)
	initialDomainReloadingComplete (31ms)
	LoadAllAssembliesAndSetupDomain (291ms)
		LoadAssemblies (361ms)
		RebuildTransferFunctionScriptingTraits (0ms)
		AnalyzeDomain (27ms)
			TypeCache.Refresh (15ms)
				TypeCache.ScanAssembly (0ms)
			ScanForSourceGeneratedMonoScriptInfo (0ms)
			ResolveRequiredComponents (10ms)
	FinalizeReload (1109ms)
		ReleaseScriptCaches (0ms)
		RebuildScriptCaches (0ms)
		SetupLoadedEditorAssemblies (567ms)
			LogAssemblyErrors (0ms)
			InitializePlatformSupportModulesInManaged (6ms)
			SetLoadedEditorAssemblies (5ms)
			RefreshPlugins (0ms)
			BeforeProcessingInitializeOnLoad (104ms)
			ProcessInitializeOnLoadAttributes (416ms)
			ProcessInitializeOnLoadMethodAttributes (29ms)
			AfterProcessingInitializeOnLoad (7ms)
			EditorAssembliesLoaded (0ms)
		ExecutionOrderSort2 (0ms)
		AwakeInstancesAfterBackupRestoration (7ms)
Refreshing native plugins compatible for Editor in 2.95 ms, found 3 plugins.
Preloading 0 native plugins for Editor in 0.00 ms.
Unloading 3296 Unused Serialized files (Serialized files now loaded: 0)
Unloading 25 unused Assets / (102.3 KB). Loaded Objects now: 3783.
Memory consumption went from 132.7 MB to 132.6 MB.
Total: 3.147100 ms (FindLiveObjects: 0.430600 ms CreateObjectMapping: 0.285800 ms MarkObjects: 2.371800 ms  DeleteObjects: 0.058300 ms)

Prepare: number of updated asset objects reloaded= 0
AssetImportParameters requested are different than current active one (requested -> active):
  custom:scripting/monoscript/fileName/SpeedManager.cs: 9f6da6c3648095e537acbd0f8eb24619 -> e4047fcb9dd4a95959b201486e07be03
  custom:container-demuxer-ogg: 62fdf1f143b41e24485cea50d1cbac27 -> 
  custom:scripting/monoscript/fileName/GameManager.cs: f6182d712e34e20e3202214886862cdb -> 9933fbcc6190e2a9171c2ec8808a053e
  custom:scripting/monoscript/fileName/ResourcesManager.cs: 60bbdfa367732689651c84a05ea97ae6 -> 89623e026d1544c377a9b34473b703d2
  custom:scripting/monoscript/fileName/AudioManager.cs: 0aef3caba4c1c1b0bc8bd1dca2fef31d -> e8310be4479956b7ccf5d41d9f0f6e53
  custom:video-decoder-ogg-theora: a1e56fd34408186e4bbccfd4996cb3dc -> 
  custom:framework-win-MediaFoundation: 216162199b28c13a410421893ffa2e32 -> 
  custom:scripting/monoscript/fileName/InputManager.cs: bf674e24607385a2d804bbb74f1b6a84 -> ebc1fe256c26bbf42f6045524041edf0
  custom:CustomObjectIndexerAttribute: 6d391050e5a25f67b0a2c618074f2cd9 -> 
  custom:container-demuxer-webm: 4f35f7cbe854078d1ac9338744f61a02 -> 
  custom:scripting/monoscript/fileName/SceneryManager.cs: 7e04b55a784e636b5d7bc7725f64e753 -> 2feaadc6d20228387fc642e05d1bd593
  custom:scripting/monoscript/fileName/PositionManager.cs: 331cf6ac4c25bcc413524cbe49bd4745 -> 2f0a75b3c770e16c8303dc4f6817cf66
  custom:scripting/monoscript/fileName/Singleton.cs: d81fe1a86eaaaaa888ee50e17a01544a -> 8f6297df34271fdb1ce2d9607ec6261d
  custom:container-muxer-webm: aa71ff27fc2769a1b78a27578f13a17b -> 
  custom:video-decoder-webm-vp8: 9c59270c3fd7afecdb556c50c9e8de78 -> 
  custom:SearchIndexIgnoredProperties: e643bd26f0fe6173181afceb89e7c659 -> 
  custom:AudioImporter_EditorPlatform: d09bf68614088b80899f8185d706f6e7 -> 
  custom:scripting/monoscript/fileName/Select.cs: 9a7c50b1c3af096b6e349bc34a8bf4ee -> 4e724136c4acf745710c4786bf92770c
  custom:scripting/monoscript/fileName/InteractZone.cs: e08297b8202cb0c0c9a0f1d79e0acec5 -> d08414518389cd2cbfe26f17d658971e
  custom:scripting/monoscript/fileName/Road.cs: 608399085b4bd005a38db03714d57d21 -> 2cfa2d9cf62aed6f8b406ee5c90ba3e9
  custom:video-encoder-webm-vp8: eb34c28f22e8b96e1ab97ce403110664 -> 
  custom:scripting/monoscript/fileName/RoadManager.cs: 5a5c8a103d767a4f86cda85b2595253a -> ebabfadfb923a1e9edf928b986d04c2f
  custom:audio-decoder-ogg-vorbis: bf7c407c2cedff20999df2af8eb42d56 -> 
  custom:scripting/monoscript/fileName/Runner.cs: 055fc22ec6edac4e9b617ddb2f1c0814 -> 72ac78a03a6a6907c19fd10a0474d56b
  custom:scripting/monoscript/fileName/MenuManager.cs: d0956aa00254e4ec1793b578a7f93b90 -> b2f6d629ac060edd8a279cb11b0e4cab
  custom:audio-encoder-webm-vorbis: bf7c407c2cedff20999df2af8eb42d56 -> 
  custom:scripting/monoscript/fileName/MouseManager.cs: 6035c6d1852b6cff8649a9502d529159 -> 6ac4e4e03984271fd1f80dcdcecc1ff0
  custom:scripting/monoscript/fileName/InterfaceManager.cs: daaff16a285d4306ebecf45cdca0236c -> b3b3494aeb89ffa2560cd3b25ab83022
  custom:scripting/monoscript/fileName/ObstacleManager.cs: c046f45496917fe19d77a6a35444ec50 -> f11b2e88b2f3f569c571fa6e53e9ce67
========================================================================
Received Prepare
Begin MonoManager ReloadAssembly
- Loaded All Assemblies, in  0.528 seconds
Refreshing native plugins compatible for Editor in 3.19 ms, found 3 plugins.
Native extension for WindowsStandalone target not found
Mono: successfully reloaded assembly
- Finished resetting the current domain, in  1.088 seconds
Domain Reload Profiling: 1614ms
	BeginReloadAssembly (184ms)
		ExecutionOrderSort (0ms)
		DisableScriptedObjects (6ms)
		BackupInstance (0ms)
		ReleaseScriptingObjects (0ms)
		CreateAndSetChildDomain (41ms)
	RebuildCommonClasses (35ms)
	RebuildNativeTypeToScriptingClass (18ms)
	initialDomainReloadingComplete (31ms)
	LoadAllAssembliesAndSetupDomain (258ms)
		LoadAssemblies (344ms)
		RebuildTransferFunctionScriptingTraits (0ms)
		AnalyzeDomain (16ms)
			TypeCache.Refresh (7ms)
				TypeCache.ScanAssembly (0ms)
			ScanForSourceGeneratedMonoScriptInfo (0ms)
			ResolveRequiredComponents (7ms)
	FinalizeReload (1088ms)
		ReleaseScriptCaches (0ms)
		RebuildScriptCaches (0ms)
		SetupLoadedEditorAssemblies (563ms)
			LogAssemblyErrors (0ms)
			InitializePlatformSupportModulesInManaged (7ms)
			SetLoadedEditorAssemblies (6ms)
			RefreshPlugins (0ms)
			BeforeProcessingInitializeOnLoad (108ms)
			ProcessInitializeOnLoadAttributes (413ms)
			ProcessInitializeOnLoadMethodAttributes (23ms)
			AfterProcessingInitializeOnLoad (6ms)
			EditorAssembliesLoaded (0ms)
		ExecutionOrderSort2 (0ms)
		AwakeInstancesAfterBackupRestoration (7ms)
Refreshing native plugins compatible for Editor in 3.16 ms, found 3 plugins.
Preloading 0 native plugins for Editor in 0.00 ms.
Unloading 3297 Unused Serialized files (Serialized files now loaded: 0)
Unloading 25 unused Assets / (102.4 KB). Loaded Objects now: 3798.
Memory consumption went from 134.9 MB to 134.8 MB.
Total: 3.335500 ms (FindLiveObjects: 0.327700 ms CreateObjectMapping: 0.253300 ms MarkObjects: 2.691000 ms  DeleteObjects: 0.062700 ms)

Prepare: number of updated asset objects reloaded= 0
AssetImportParameters requested are different than current active one (requested -> active):
  custom:scripting/monoscript/fileName/SpeedManager.cs: 9f6da6c3648095e537acbd0f8eb24619 -> e4047fcb9dd4a95959b201486e07be03
  custom:container-demuxer-ogg: 62fdf1f143b41e24485cea50d1cbac27 -> 
  custom:scripting/monoscript/fileName/GameManager.cs: f6182d712e34e20e3202214886862cdb -> 9933fbcc6190e2a9171c2ec8808a053e
  custom:scripting/monoscript/fileName/ResourcesManager.cs: 60bbdfa367732689651c84a05ea97ae6 -> 89623e026d1544c377a9b34473b703d2
  custom:scripting/monoscript/fileName/AudioManager.cs: 0aef3caba4c1c1b0bc8bd1dca2fef31d -> e8310be4479956b7ccf5d41d9f0f6e53
  custom:video-decoder-ogg-theora: a1e56fd34408186e4bbccfd4996cb3dc -> 
  custom:framework-win-MediaFoundation: 216162199b28c13a410421893ffa2e32 -> 
  custom:scripting/monoscript/fileName/InputManager.cs: bf674e24607385a2d804bbb74f1b6a84 -> ebc1fe256c26bbf42f6045524041edf0
  custom:CustomObjectIndexerAttribute: 6d391050e5a25f67b0a2c618074f2cd9 -> 
  custom:container-demuxer-webm: 4f35f7cbe854078d1ac9338744f61a02 -> 
  custom:scripting/monoscript/fileName/SceneryManager.cs: 7e04b55a784e636b5d7bc7725f64e753 -> 2feaadc6d20228387fc642e05d1bd593
  custom:scripting/monoscript/fileName/PositionManager.cs: 331cf6ac4c25bcc413524cbe49bd4745 -> 2f0a75b3c770e16c8303dc4f6817cf66
  custom:scripting/monoscript/fileName/Singleton.cs: d81fe1a86eaaaaa888ee50e17a01544a -> 8f6297df34271fdb1ce2d9607ec6261d
  custom:container-muxer-webm: aa71ff27fc2769a1b78a27578f13a17b -> 
  custom:video-decoder-webm-vp8: 9c59270c3fd7afecdb556c50c9e8de78 -> 
  custom:SearchIndexIgnoredProperties: e643bd26f0fe6173181afceb89e7c659 -> 
  custom:AudioImporter_EditorPlatform: d09bf68614088b80899f8185d706f6e7 -> 
  custom:scripting/monoscript/fileName/Select.cs: 9a7c50b1c3af096b6e349bc34a8bf4ee -> 4e724136c4acf745710c4786bf92770c
  custom:scripting/monoscript/fileName/InteractZone.cs: e08297b8202cb0c0c9a0f1d79e0acec5 -> d08414518389cd2cbfe26f17d658971e
  custom:scripting/monoscript/fileName/Road.cs: 608399085b4bd005a38db03714d57d21 -> 2cfa2d9cf62aed6f8b406ee5c90ba3e9
  custom:video-encoder-webm-vp8: eb34c28f22e8b96e1ab97ce403110664 -> 
  custom:scripting/monoscript/fileName/RoadManager.cs: 5a5c8a103d767a4f86cda85b2595253a -> ebabfadfb923a1e9edf928b986d04c2f
  custom:audio-decoder-ogg-vorbis: bf7c407c2cedff20999df2af8eb42d56 -> 
  custom:scripting/monoscript/fileName/Runner.cs: 055fc22ec6edac4e9b617ddb2f1c0814 -> 72ac78a03a6a6907c19fd10a0474d56b
  custom:scripting/monoscript/fileName/MenuManager.cs: d0956aa00254e4ec1793b578a7f93b90 -> b2f6d629ac060edd8a279cb11b0e4cab
  custom:audio-encoder-webm-vorbis: bf7c407c2cedff20999df2af8eb42d56 -> 
  custom:scripting/monoscript/fileName/MouseManager.cs: 6035c6d1852b6cff8649a9502d529159 -> 6ac4e4e03984271fd1f80dcdcecc1ff0
  custom:scripting/monoscript/fileName/InterfaceManager.cs: daaff16a285d4306ebecf45cdca0236c -> b3b3494aeb89ffa2560cd3b25ab83022
  custom:scripting/monoscript/fileName/ObstacleManager.cs: c046f45496917fe19d77a6a35444ec50 -> f11b2e88b2f3f569c571fa6e53e9ce67
========================================================================
Received Import Request.
  Time since last request: 128.801271 seconds.
  path: Assets/Scenes/Title.unity
  artifactKey: Guid(d02035e2aaa1ed244ae90c4d88559597) Importer(815301076,1909f56bfc062723c751e8b465ee728b)
Start importing Assets/Scenes/Title.unity using Guid(d02035e2aaa1ed244ae90c4d88559597) Importer(815301076,1909f56bfc062723c751e8b465ee728b)  -> (artifact id: '7249a6d6d52d6b8d849cc99a0487dc0a') in 0.002430 seconds
Number of updated asset objects reloaded before import = 0
Number of asset objects unloaded after import = 0
========================================================================
Received Prepare
Begin MonoManager ReloadAssembly
- Loaded All Assemblies, in  0.567 seconds
Refreshing native plugins compatible for Editor in 3.10 ms, found 3 plugins.
Native extension for WindowsStandalone target not found
Mono: successfully reloaded assembly
- Finished resetting the current domain, in  1.190 seconds
Domain Reload Profiling: 1756ms
	BeginReloadAssembly (187ms)
		ExecutionOrderSort (0ms)
		DisableScriptedObjects (7ms)
		BackupInstance (0ms)
		ReleaseScriptingObjects (0ms)
		CreateAndSetChildDomain (46ms)
	RebuildCommonClasses (39ms)
	RebuildNativeTypeToScriptingClass (13ms)
	initialDomainReloadingComplete (32ms)
	LoadAllAssembliesAndSetupDomain (294ms)
		LoadAssemblies (380ms)
		RebuildTransferFunctionScriptingTraits (0ms)
		AnalyzeDomain (14ms)
			TypeCache.Refresh (6ms)
				TypeCache.ScanAssembly (0ms)
			ScanForSourceGeneratedMonoScriptInfo (0ms)
			ResolveRequiredComponents (7ms)
	FinalizeReload (1191ms)
		ReleaseScriptCaches (0ms)
		RebuildScriptCaches (0ms)
		SetupLoadedEditorAssemblies (630ms)
			LogAssemblyErrors (0ms)
			InitializePlatformSupportModulesInManaged (7ms)
			SetLoadedEditorAssemblies (7ms)
			RefreshPlugins (0ms)
			BeforeProcessingInitializeOnLoad (121ms)
			ProcessInitializeOnLoadAttributes (464ms)
			ProcessInitializeOnLoadMethodAttributes (25ms)
			AfterProcessingInitializeOnLoad (6ms)
			EditorAssembliesLoaded (0ms)
		ExecutionOrderSort2 (0ms)
		AwakeInstancesAfterBackupRestoration (7ms)
Refreshing native plugins compatible for Editor in 3.22 ms, found 3 plugins.
Preloading 0 native plugins for Editor in 0.00 ms.
Unloading 3296 Unused Serialized files (Serialized files now loaded: 0)
Unloading 25 unused Assets / (102.3 KB). Loaded Objects now: 3813.
Memory consumption went from 136.6 MB to 136.5 MB.
Total: 3.156300 ms (FindLiveObjects: 0.334100 ms CreateObjectMapping: 0.239200 ms MarkObjects: 2.523600 ms  DeleteObjects: 0.058500 ms)

Prepare: number of updated asset objects reloaded= 0
AssetImportParameters requested are different than current active one (requested -> active):
  custom:scripting/monoscript/fileName/SpeedManager.cs: 9f6da6c3648095e537acbd0f8eb24619 -> e4047fcb9dd4a95959b201486e07be03
  custom:container-demuxer-ogg: 62fdf1f143b41e24485cea50d1cbac27 -> 
  custom:scripting/monoscript/fileName/GameManager.cs: f6182d712e34e20e3202214886862cdb -> 9933fbcc6190e2a9171c2ec8808a053e
  custom:scripting/monoscript/fileName/ResourcesManager.cs: 60bbdfa367732689651c84a05ea97ae6 -> 89623e026d1544c377a9b34473b703d2
  custom:scripting/monoscript/fileName/AudioManager.cs: 0aef3caba4c1c1b0bc8bd1dca2fef31d -> e8310be4479956b7ccf5d41d9f0f6e53
  custom:video-decoder-ogg-theora: a1e56fd34408186e4bbccfd4996cb3dc -> 
  custom:framework-win-MediaFoundation: 216162199b28c13a410421893ffa2e32 -> 
  custom:scripting/monoscript/fileName/InputManager.cs: bf674e24607385a2d804bbb74f1b6a84 -> ebc1fe256c26bbf42f6045524041edf0
  custom:CustomObjectIndexerAttribute: 6d391050e5a25f67b0a2c618074f2cd9 -> 
  custom:container-demuxer-webm: 4f35f7cbe854078d1ac9338744f61a02 -> 
  custom:scripting/monoscript/fileName/SceneryManager.cs: 7e04b55a784e636b5d7bc7725f64e753 -> 2feaadc6d20228387fc642e05d1bd593
  custom:scripting/monoscript/fileName/PositionManager.cs: 331cf6ac4c25bcc413524cbe49bd4745 -> 2f0a75b3c770e16c8303dc4f6817cf66
  custom:scripting/monoscript/fileName/Singleton.cs: d81fe1a86eaaaaa888ee50e17a01544a -> 8f6297df34271fdb1ce2d9607ec6261d
  custom:container-muxer-webm: aa71ff27fc2769a1b78a27578f13a17b -> 
  custom:video-decoder-webm-vp8: 9c59270c3fd7afecdb556c50c9e8de78 -> 
  custom:SearchIndexIgnoredProperties: e643bd26f0fe6173181afceb89e7c659 -> 
  custom:AudioImporter_EditorPlatform: d09bf68614088b80899f8185d706f6e7 -> 
  custom:scripting/monoscript/fileName/Select.cs: 9a7c50b1c3af096b6e349bc34a8bf4ee -> 4e724136c4acf745710c4786bf92770c
  custom:scripting/monoscript/fileName/InteractZone.cs: e08297b8202cb0c0c9a0f1d79e0acec5 -> d08414518389cd2cbfe26f17d658971e
  custom:scripting/monoscript/fileName/Road.cs: 608399085b4bd005a38db03714d57d21 -> 2cfa2d9cf62aed6f8b406ee5c90ba3e9
  custom:video-encoder-webm-vp8: eb34c28f22e8b96e1ab97ce403110664 -> 
  custom:scripting/monoscript/fileName/RoadManager.cs: 5a5c8a103d767a4f86cda85b2595253a -> ebabfadfb923a1e9edf928b986d04c2f
  custom:audio-decoder-ogg-vorbis: bf7c407c2cedff20999df2af8eb42d56 -> 
  custom:scripting/monoscript/fileName/Runner.cs: 055fc22ec6edac4e9b617ddb2f1c0814 -> 72ac78a03a6a6907c19fd10a0474d56b
  custom:scripting/monoscript/fileName/MenuManager.cs: d0956aa00254e4ec1793b578a7f93b90 -> b2f6d629ac060edd8a279cb11b0e4cab
  custom:audio-encoder-webm-vorbis: bf7c407c2cedff20999df2af8eb42d56 -> 
  custom:scripting/monoscript/fileName/MouseManager.cs: 6035c6d1852b6cff8649a9502d529159 -> 6ac4e4e03984271fd1f80dcdcecc1ff0
  custom:scripting/monoscript/fileName/InterfaceManager.cs: daaff16a285d4306ebecf45cdca0236c -> b3b3494aeb89ffa2560cd3b25ab83022
  custom:scripting/monoscript/fileName/ObstacleManager.cs: c046f45496917fe19d77a6a35444ec50 -> f11b2e88b2f3f569c571fa6e53e9ce67
========================================================================
Received Import Request.
  Time since last request: 50.279152 seconds.
  path: Assets/Scenes/Game.unity
  artifactKey: Guid(8481b01b31076a3438ee8c25e227cb52) Importer(815301076,1909f56bfc062723c751e8b465ee728b)
Start importing Assets/Scenes/Game.unity using Guid(8481b01b31076a3438ee8c25e227cb52) Importer(815301076,1909f56bfc062723c751e8b465ee728b)  -> (artifact id: '9c2ac05682efc8affdbd0acf9a456f66') in 0.002355 seconds
Number of updated asset objects reloaded before import = 0
Number of asset objects unloaded after import = 0
